TN:
SF:src\app.js
FN:24,(anonymous_0)
FN:25,(anonymous_1)
FN:27,(anonymous_2)
FNF:3
FNH:2
FNDA:19,(anonymous_0)
FNDA:19,(anonymous_1)
FNDA:0,(anonymous_2)
DA:1,1
DA:2,1
DA:3,1
DA:4,1
DA:5,1
DA:6,1
DA:7,1
DA:8,1
DA:9,1
DA:11,1
DA:12,1
DA:13,1
DA:14,1
DA:15,1
DA:16,1
DA:17,1
DA:18,1
DA:19,1
DA:20,1
DA:21,1
DA:22,1
DA:24,1
DA:25,19
DA:26,19
DA:28,0
DA:32,1
DA:33,1
DA:34,1
LF:28
LH:27
BRDA:26,0,0,19
BRDA:26,0,1,0
BRF:2
BRH:1
end_of_record
TN:
SF:src\model\dbSetup.js
FN:282,(anonymous_0)
FNF:1
FNH:1
FNDA:19,(anonymous_0)
DA:1,1
DA:2,1
DA:19,1
DA:279,1
DA:282,1
DA:283,19
DA:284,19
DA:286,19
DA:287,19
DA:291,19
DA:292,19
DA:303,19
DA:304,19
DA:306,19
DA:310,0
DA:317,0
DA:325,1
LF:17
LH:15
BRDA:292,0,0,19
BRDA:292,0,1,0
BRDA:292,1,0,19
BRDA:292,1,1,19
BRDA:304,2,0,19
BRDA:304,2,1,0
BRDA:304,3,0,19
BRDA:304,3,1,19
BRF:8
BRH:6
end_of_record
TN:
SF:src\model\user.js
FN:5,(anonymous_0)
FN:11,(anonymous_1)
FN:28,(anonymous_2)
FN:60,(anonymous_3)
FN:70,(anonymous_4)
FN:78,(anonymous_5)
FNF:6
FNH:5
FNDA:4,(anonymous_0)
FNDA:0,(anonymous_1)
FNDA:1,(anonymous_2)
FNDA:4,(anonymous_3)
FNDA:4,(anonymous_4)
FNDA:3,(anonymous_5)
DA:1,1
DA:2,1
DA:5,1
DA:6,4
DA:7,4
DA:8,4
DA:9,2
DA:10,0
DA:12,0
DA:13,0
DA:17,2
DA:18,2
DA:19,2
DA:22,2
DA:23,2
DA:24,2
DA:28,1
DA:29,1
DA:30,1
DA:31,1
DA:32,1
DA:33,1
DA:34,1
DA:35,1
DA:36,1
DA:37,1
DA:53,0
DA:54,0
DA:56,0
DA:60,1
DA:61,4
DA:64,4
DA:65,4
DA:66,0
DA:67,4
DA:70,1
DA:71,4
DA:72,4
DA:73,4
DA:74,2
DA:75,2
DA:78,1
DA:79,3
DA:80,3
DA:81,3
DA:82,2
DA:83,1
DA:87,1
LF:48
LH:41
BRDA:8,0,0,2
BRDA:8,0,1,2
BRDA:9,1,0,0
BRDA:9,1,1,2
BRDA:12,2,0,0
BRDA:12,2,1,0
BRDA:35,3,0,1
BRDA:35,3,1,0
BRDA:35,4,0,1
BRDA:35,4,1,1
BRDA:54,5,0,0
BRDA:54,5,1,0
BRDA:54,6,0,0
BRDA:54,6,1,0
BRDA:65,7,0,0
BRDA:65,7,1,4
BRDA:73,8,0,2
BRDA:73,8,1,2
BRDA:81,9,0,2
BRDA:81,9,1,1
BRF:20
BRH:11
end_of_record
TN:
SF:src\routes\routing.js
FN:7,(anonymous_0)
FN:11,(anonymous_1)
FN:14,(anonymous_2)
FN:19,(anonymous_3)
FN:34,(anonymous_4)
FN:48,(anonymous_5)
FN:61,(anonymous_6)
FNF:7
FNH:6
FNDA:4,(anonymous_0)
FNDA:0,(anonymous_1)
FNDA:4,(anonymous_2)
FNDA:4,(anonymous_3)
FNDA:4,(anonymous_4)
FNDA:3,(anonymous_5)
FNDA:1,(anonymous_6)
DA:1,1
DA:2,1
DA:3,1
DA:7,1
DA:8,4
DA:9,4
DA:11,4
DA:13,0
DA:15,4
DA:19,1
DA:21,4
DA:23,4
DA:24,4
DA:25,4
DA:26,4
DA:28,0
DA:34,1
DA:36,4
DA:38,4
DA:39,4
DA:40,2
DA:42,2
DA:48,1
DA:50,3
DA:52,3
DA:53,3
DA:54,1
DA:56,2
DA:61,1
DA:62,1
DA:63,1
DA:64,1
DA:65,1
DA:66,1
DA:67,1
DA:68,1
DA:69,1
DA:71,0
DA:75,1
LF:39
LH:36
BRF:0
BRH:0
end_of_record
TN:
SF:src\service\user.js
FN:8,(anonymous_0)
FN:10,(anonymous_1)
FN:16,(anonymous_2)
FN:22,(anonymous_3)
FN:35,(anonymous_4)
FN:48,(anonymous_5)
FNF:6
FNH:5
FNDA:4,(anonymous_0)
FNDA:0,(anonymous_1)
FNDA:1,(anonymous_2)
FNDA:4,(anonymous_3)
FNDA:4,(anonymous_4)
FNDA:3,(anonymous_5)
DA:1,1
DA:2,1
DA:5,1
DA:8,1
DA:10,4
DA:12,0
DA:16,1
DA:17,1
DA:18,0
DA:22,1
DA:23,4
DA:24,4
DA:26,4
DA:29,0
DA:30,0
DA:31,0
DA:35,1
DA:36,4
DA:37,4
DA:39,2
DA:42,2
DA:43,2
DA:44,2
DA:48,1
DA:49,3
DA:50,3
DA:52,1
DA:55,2
DA:56,2
DA:57,2
DA:61,1
LF:31
LH:26
BRDA:24,0,0,4
BRDA:24,0,1,0
BRDA:37,1,0,2
BRDA:37,1,1,2
BRDA:50,2,0,1
BRDA:50,2,1,2
BRF:6
BRH:5
end_of_record
TN:
SF:src\utilities\connection.js
FN:49,(anonymous_0)
FN:52,(anonymous_1)
FN:54,(anonymous_2)
FN:61,(anonymous_3)
FN:63,(anonymous_4)
FN:65,(anonymous_5)
FNF:6
FNH:4
FNDA:24,(anonymous_0)
FNDA:24,(anonymous_1)
FNDA:0,(anonymous_2)
FNDA:30,(anonymous_3)
FNDA:30,(anonymous_4)
FNDA:0,(anonymous_5)
DA:1,1
DA:2,1
DA:3,1
DA:5,1
DA:7,1
DA:9,1
DA:27,1
DA:46,1
DA:49,1
DA:52,24
DA:53,24
DA:55,0
DA:56,0
DA:57,0
DA:61,1
DA:63,30
DA:64,30
DA:66,0
DA:67,0
DA:68,0
DA:72,1
LF:21
LH:15
BRF:0
BRH:0
end_of_record
TN:
SF:src\utilities\errorlogger.js
FN:4,(anonymous_0)
FN:6,(anonymous_1)
FNF:2
FNH:2
FNDA:16,(anonymous_0)
FNDA:16,(anonymous_1)
DA:1,1
DA:4,1
DA:5,16
DA:6,16
DA:7,16
DA:8,0
DA:11,16
DA:12,8
DA:14,8
DA:16,16
DA:17,8
DA:21,1
LF:12
LH:11
BRDA:5,0,0,16
BRDA:5,0,1,0
BRDA:7,1,0,0
BRDA:7,1,1,16
BRDA:11,2,0,8
BRDA:11,2,1,8
BRF:6
BRH:4
end_of_record
TN:
SF:src\utilities\requestlogger.js
FN:4,(anonymous_0)
FN:6,(anonymous_1)
FNF:2
FNH:2
FNDA:58,(anonymous_0)
FNDA:58,(anonymous_1)
DA:1,1
DA:4,1
DA:5,58
DA:6,58
DA:7,58
DA:9,58
DA:11,1
LF:7
LH:7
BRDA:7,0,0,0
BRDA:7,0,1,58
BRF:2
BRH:1
end_of_record
